<?xml version="1.0" encoding="UTF-8"?>
<!-- Generated by org.testng.reporters.JUnitXMLReporter -->
<testsuite hostname="BLRL39138" ignored="0" tests="6" failures="0" timestamp="2019-01-30T11:48:52 IST" time="43.987" errors="0">
  <testcase name="dd1" time="9.47" classname="TestNGClass"/>
  <testcase name="dd2" time="6.038" classname="TestNGClass"/>
  <testcase name="dd3" time="3.391" classname="TestNGClass"/>
  <testcase name="dd4" time="3.354" classname="TestNGClass"/>
  <testcase name="dd5" time="10.93" classname="TestNGClass"/>
  <testcase name="dd6" time="10.762" classname="TestNGClass"/>
</testsuite>
