<?xml version="1.0" encoding="UTF-8"?>
<!-- Generated by org.testng.reporters.JUnitXMLReporter -->
<testsuite hostname="BLRL39138" ignored="0" tests="5" failures="0" timestamp="2019-01-18T11:24:00 IST" time="0.046" errors="0">
  <testcase name="dd1" time="0.006" classname="TestNGClass"/>
  <testcase name="dd2" time="0.0" classname="TestNGClass"/>
  <testcase name="dd3" time="0.0" classname="TestNGClass"/>
  <testcase name="dd4" time="0.001" classname="TestNGClass"/>
  <testcase name="dd5" time="0.0" classname="TestNGClass"/>
</testsuite>
